2020-02-24 21:18::13 INFO  App:16 - hello world
2020-02-24 21:35::07 INFO  App:15 - enter principle amount
2020-02-24 21:35::14 INFO  App:17 - enter time period
2020-02-24 21:35::16 INFO  App:19 - enter rate of interest
2020-02-24 21:35::18 INFO  App:23 - simple interest is100.0
2020-02-24 21:35::18 INFO  App:24 - compound interest is159.3742460100002
2020-02-24 21:35::29 INFO  App:14 - enter the no of feets to be estimated
2020-02-24 21:35::35 INFO  App:16 - select the materials form the following
2020-02-24 21:35::35 INFO  App:17 - 1 for standard
2 for above standard
3 for high standard
4 for fully automated
2020-02-24 21:35::35 INFO  App:18 - enter ypur response
2020-02-24 21:35::39 INFO  App:25 - cost estimated is2.5E7
2020-02-24 21:43::47 INFO  App:15 - enter principle amount
2020-02-24 21:43::49 INFO  App:17 - enter time period
2020-02-24 21:43::50 INFO  App:19 - enter rate of interest
2020-02-24 21:43::51 INFO  App:23 - simple interest is100.0
2020-02-24 21:43::51 INFO  App:24 - compound interest is159.3742460100002
2020-02-24 21:43::57 INFO  App:14 - enter the no of feets to be estimated
2020-02-24 21:44::04 INFO  App:16 - select the materials form the following
2020-02-24 21:44::04 INFO  App:17 - 1 for standard
2 for above standard
3 for high standard
4 for fully automated
2020-02-24 21:44::04 INFO  App:18 - enter ypur response
2020-02-24 21:44::07 INFO  App:24 - cost estimated is1.8E7
